* using log directory ‘/Users/peter.hurford/dev/modelwordcloud/..Rcheck’
* using R version 3.4.1 (2017-06-30)
* using platform: x86_64-apple-darwin16.6.0 (64-bit)
* using session charset: UTF-8
* checking for file ‘./DESCRIPTION’ ... OK
* this is package ‘modelwordcloud’ version ‘0.1’
* checking package namespace information ... OK
* checking package dependencies ... OK
* checking if this is a source package ... OK
* checking if there is a namespace ... OK
* checking for executable files ... WARNING
Found the following executable files:
  .git/objects/00/e38adcb266a549861496fe7a76c0b61fba12fb
  .git/objects/01/4982ba08c3669f916a92f6476f1ed935c28657
  .git/objects/02/35042c70e2b018cf4e69eac1ab73e52087d26b
  .git/objects/03/4046d5faca8e41ad4597752e30e6c65132c9e8
  .git/objects/07/023d566eda6878569cc912d154deda241aa89e
  .git/objects/11/d400d098e673227569916526268daaf6b593a1
  .git/objects/17/1e092ac27f41b00ab5641b033fce8fbc67f9f0
  .git/objects/1b/ecedbb7eb97a35ea301916fc2ad15ca6614632
  .git/objects/1c/5a5e564e015916d59f72257333b576c896acf2
  .git/objects/1f/a48e34c6f57fca0f3cde7510128ee368cf9cd8
  .git/objects/1f/d75320859b13bd3e7f42819fa2b049e20ddcd1
  .git/objects/20/6d81807515888b330be97493f327d61b60919e
  .git/objects/20/95ddb1de86e42f83b610dee6f33e1804a9ac58
  .git/objects/20/f5a9ef433d6082669b20c68e249c829c5f2f5e
  .git/objects/27/15c3b95dd5e11d0c32e00c3eae00a16ce9efb7
  .git/objects/2c/4ba6cb4ba2ac25558d2fe89d4dc3b44d43c752
  .git/objects/2c/6d770bdc87af9e51baa7aa80f3f547d804b322
  .git/objects/2e/684694ff07125b507b1c4e2da773475bf9b657
  .git/objects/2e/959b917d000ebf87190ac65dbf89af81fcfaf1
  .git/objects/2f/61e6e73b9c93d2c5936a6112e9b2ad99dc8e74
  .git/objects/2f/e76075885022edc97c72db1edb7dd4b9686816
  .git/objects/32/73085a703786e1621dc119939fb4fdc5cd7904
  .git/objects/32/f9a3c855862435b4620da0f331efd813a6d418
  .git/objects/34/271dde61e0e26395ca086aba02dfd2960443bf
  .git/objects/35/3286396530ae345fc12e64fc9696223266d84f
  .git/objects/36/cf8cb8357754807b7e642a91739710fa9df835
  .git/objects/39/237eaaedd2422b3fd52d59ad6030e9b867d0e3
  .git/objects/3b/277f84add8d6b155a87cabdae49f754e9d4cb1
  .git/objects/3f/a3907254dbad43590b118e3dd024cf04d4b4f1
  .git/objects/40/c8b1261fab4ce33fc142a5dfd903d62ca63a1d
  .git/objects/42/2104887b61aba21a296980f44a75a379a70a1b
  .git/objects/44/686a4e840c3df5638d1b494c890b795a86b561
  .git/objects/47/7d37e63f863d41ccbec56889915adb84139ca9
  .git/objects/4a/b17e13c8aee0c18713f22c71fa1cf22ce2f812
  .git/objects/4b/823642748c747b705da0b0170e3d8e15c952b6
  .git/objects/4d/3b9ee42060c39b5903b419ef526289bb4a0322
  .git/objects/57/bc4d5f04a61f13cc30ff17a78cf8ec08147a65
  .git/objects/58/37a584e926623cd0ff6b98d0efbe973e559992
  .git/objects/5a/416eeb56eb49d58f7e4d3824ec0e2868555fb0
  .git/objects/62/58cbe488b16adf2965f86323508dafad324a6f
  .git/objects/6a/9ac4a2c1cc2fc3d9daad2855bbf8bbbd7c8f35
  .git/objects/6c/8d4d2b2c472be2033f7679c671ab870d5b3f02
  .git/objects/6d/b39abcbd8128f4dd5602797db75ac5a42df98b
  .git/objects/6f/bf02e144f993b3a67e0136596f583806499db3
  .git/objects/70/b60ee3bf7db0d63f07575f037faed801ae37f7
  .git/objects/71/12c49be5c34e49d12876e900c12da838b91500
  .git/objects/73/923dd77ad179741590d147f09b5c4ba060c298
  .git/objects/78/bf2f2076364a2da840c7f577a958b4b0851be3
  .git/objects/79/db670b838e9a67340b12b578eb16bab1dc4e26
  .git/objects/7a/4898f5d1484aacf9962ef736cce1c958917a3a
  .git/objects/7a/b000ca2e36a29367d5a84e5fa5291d47f87bde
  .git/objects/7b/25de3b5de25a96d40f27ebfd45fa98e98e6afd
  .git/objects/7b/81c2608f9d42303cfed2780b666e89fa919535
  .git/objects/80/42982f894b61aa017fa66f9d75aa7c0edc0354
  .git/objects/80/ab55ee7c63c102e7020bd67a9cdb052e42c9b0
  .git/objects/81/71951166bc57cd2069a602fbeecfa07409bc2b
  .git/objects/82/71f91b68a0204b07b736043bf978a31407864a
  .git/objects/83/5432ecb6b5638293a85f8d6b6054556a7dd1cf
  .git/objects/85/2fadc5b79f58120a26cc24dca595e5eba4f656
  .git/objects/8c/845ae19ff5d26f19bbddf37dfc964152786b71
  .git/objects/8f/454e875526063ff121aad54ce46be2fd74df6f
  .git/objects/91/6a14a42a0403d826d2ca00637c4d3c4c2e43e4
  .git/objects/93/8371d7353fc004a1ce519383f580b61220efc4
  .git/objects/97/f6f720b92ca5870c662d6554224acc81d08e9d
  .git/objects/98/95d7c2f324c7b494a1fe9a33aa739dce7ec6ef
  .git/objects/9b/5e9ddf0642b1e4c88a906d10ade77055706715
  .git/objects/9c/3d080d144773e50723d7d4c7cfd94976507875
  .git/objects/9e/38388baa36607c13f9f2f9ebe1582eb101917d
  .git/objects/9f/5c1373e8870026ab31babb3b2b0759be392a2e
  .git/objects/a8/e7bac01065ad36e0171a57e624abb87d9ce073
  .git/objects/a9/9879669b8b56bfbb936708340bdbb7f5a0c506
  .git/objects/b0/6bc0fc523418d9aa8960418e0ae8a8f26b9c8a
  .git/objects/b1/50de38b82fdb3b76e6918b1fb084c6dcaa929d
  .git/objects/b6/580b4d5741a40c414f9c808d01e255f6a9bf8d
  .git/objects/bd/764c9d96db283414e390e57ad82ea5fae921d2
  .git/objects/c4/0eb2d69184f3bd053cb0188269e9669260db43
  .git/objects/c4/8095392991f72c03940d305cf051dfe4a4d726
  .git/objects/c7/d53547bfc47a14d7879cbbd37f960f2b4de24b
  .git/objects/c8/1081a8a66bcff6927e2e244e90d5ca5bfd9cbe
  .git/objects/c9/31f06744644a49b7db6f5e3aa4266032362d26
  .git/objects/c9/4459b8cef39a6153eb4f7c8c98b6deb6f2f281
  .git/objects/cd/f762843bed92fa9dddb59b6129506dc7ca0762
  .git/objects/cf/90dc2aa3ac09bf4ae1e54bdc41b246698b38cf
  .git/objects/d3/2532f4a937fb36d1ead708f324eaf8aa860a45
  .git/objects/d7/adb905ec595c8912bc3c3a5b0785362ce9377c
  .git/objects/d9/459b047dca5def26a82977491cbf86630efeac
  .git/objects/da/8db8d901a0500b87fdc0a42b248290a56a61fc
  .git/objects/e2/502bb724c7561900fdf6372fb28b15cbc53568
  .git/objects/e2/c62051f7be2d72921f9e35d22ffa48f9d0ee20
  .git/objects/e3/8cf4aff6e2d166d96793487722cf08550e4a96
  .git/objects/e4/5fb0f51249a95e5e9ea1fbe97adc161f2a54c0
  .git/objects/e4/6e35fdcd413a510ce34a6b40eb82ab3bf1fccf
  .git/objects/e6/5c7057a1efe5f2a2247764aceeda94f49034f8
  .git/objects/e8/c66c32c8b43e932d87ccf44da652c43ccc504a
  .git/objects/e8/e4726db29c8baf941ea940c98bf9959d9cdc46
  .git/objects/ec/b250c6180d2bf2c256f07c46ebab051669fe5e
  .git/objects/ed/4b074ca8beff3930bdd61a6bcb9d334205520e
  .git/objects/ef/31a0b7a6a1f17b4c544504fbc4261a385b1e40
  .git/objects/f6/4a0dc390f330153d198163133f185cd459a14e
  .git/objects/fa/13b54de37cb6bf8623fc0c8c55f9017fa4afea
Source packages should not contain undeclared executable files.
See section ‘Package structure’ in the ‘Writing R Extensions’ manual.
* checking for hidden files and directories ... NOTE
Found the following hidden files and directories:
  ..Rcheck
  .git
These were most likely included in error. See section ‘Package
structure’ in the ‘Writing R Extensions’ manual.
* checking for portable file names ... OK
* checking for sufficient/correct file permissions ... OK
* checking whether package ‘modelwordcloud’ can be installed ... OK
* checking installed package size ... OK
* checking package directory ... OK
* checking DESCRIPTION meta-information ... NOTE
Checking should be performed on sources prepared by ‘R CMD build’.
* checking top-level files ... NOTE
File
  LICENSE
is not mentioned in the DESCRIPTION file.
* checking for left-over files ... OK
* checking index information ... OK
* checking package subdirectories ... WARNING
Found the following directory with the name of a check directory:
  ./..Rcheck
Most likely, these were included erroneously.
* checking R files for non-ASCII characters ... OK
* checking R files for syntax errors ... OK
* checking whether the package can be loaded ... OK
* checking whether the package can be loaded with stated dependencies ... OK
* checking whether the package can be unloaded cleanly ... OK
* checking whether the namespace can be loaded with stated dependencies ... OK
* checking whether the namespace can be unloaded cleanly ... OK
* checking loading without being on the library search path ... OK
* checking dependencies in R code ... NOTE
Namespaces in Imports field not imported from:
  ‘graphics’ ‘methods’ ‘stats’
  All declared Imports should be used.
* checking S3 generic/method consistency ... OK
* checking replacement functions ... OK
* checking foreign function calls ... OK
* checking R code for possible problems ... NOTE
wordcloud: no visible global function definition for ‘plot.new’
wordcloud: no visible global function definition for ‘par’
wordcloud: no visible global function definition for ‘plot.window’
wordcloud: no visible global function definition for ‘runif’
wordcloud: no visible global function definition for ‘strwidth’
wordcloud: no visible global function definition for ‘strheight’
wordcloud: no visible global function definition for ‘text’
Undefined global functions or variables:
  par plot.new plot.window runif strheight strwidth text
Consider adding
  importFrom("graphics", "par", "plot.new", "plot.window", "strheight",
             "strwidth", "text")
  importFrom("stats", "runif")
to your NAMESPACE file.
* checking Rd files ... OK
* checking Rd metadata ... OK
* checking Rd cross-references ... OK
* checking for missing documentation entries ... OK
* checking for code/documentation mismatches ... OK
* checking Rd \usage sections ... OK
* checking Rd contents ... OK
* checking for unstated dependencies in examples ... OK
* checking examples ... NONE
* checking PDF version of manual ... WARNING
LaTeX errors when creating PDF version.
This typically indicates Rd problems.
* checking PDF version of manual without hyperrefs or index ... ERROR
Re-running with no redirection of stdout/stderr.
* DONE
Status: 1 ERROR, 3 WARNINGs, 5 NOTEs
